# JRE version: OpenJDK Runtime Environment (8.0_242-b01) (build 1.8.0_242-release-1644-b01)
# Java VM: OpenJDK 64-Bit Server VM (25.242-b01 mixed mode windows-amd64 compressed oops)
Heap:
 PSYoungGen      total 376832K, used 129285K [0x00000000d5580000, 0x00000000f4480000, 0x0000000100000000)
  eden space 251904K, 27% used [0x00000000d5580000,0x00000000d9861ef8,0x00000000e4b80000)
  from space 124928K, 48% used [0x00000000eca80000,0x00000000f05df570,0x00000000f4480000)
  to   space 127488K, 0% used [0x00000000e4b80000,0x00000000e4b80000,0x00000000ec800000)
 ParOldGen       total 357376K, used 185957K [0x0000000080000000, 0x0000000095d00000, 0x00000000d5580000)
  object space 357376K, 52% used [0x0000000080000000,0x000000008b599638,0x0000000095d00000)
 Metaspace       used 143126K, capacity 152204K, committed 153816K, reserved 1181696K
  class space    used 18671K, capacity 20329K, committed 20736K, reserved 1048576K
GC Heap History (10 events):
Event: 13626.166 GC heap before
{Heap before GC invocations=39 (full 4):
 PSYoungGen      total 239616K, used 239585K [0x00000000d5580000, 0x00000000e8d80000, 0x0000000100000000)
  eden space 194560K, 99% used [0x00000000d5580000,0x00000000e137d780,0x00000000e1380000)
  from space 45056K, 99% used [0x00000000e4700000,0x00000000e72fae50,0x00000000e7300000)
  to   space 52736K, 0% used [0x00000000e1380000,0x00000000e1380000,0x00000000e4700000)
 ParOldGen       total 179712K, used 70200K [0x0000000080000000, 0x000000008af80000, 0x00000000d5580000)
  object space 179712K, 39% used [0x0000000080000000,0x000000008448e208,0x000000008af80000)
 Metaspace       used 120682K, capacity 129606K, committed 129752K, reserved 1161216K
  class space    used 15944K, capacity 17635K, committed 17664K, reserved 1048576K
Event: 13626.295 GC heap after
Heap after GC invocations=39 (full 4):
 PSYoungGen      total 247296K, used 52725K [0x00000000d5580000, 0x00000000eb480000, 0x0000000100000000)
  eden space 194560K, 0% used [0x00000000d5580000,0x00000000d5580000,0x00000000e1380000)
  from space 52736K, 99% used [0x00000000e1380000,0x00000000e46fd510,0x00000000e4700000)
  to   space 64000K, 0% used [0x00000000e7600000,0x00000000e7600000,0x00000000eb480000)
 ParOldGen       total 179712K, used 79034K [0x0000000080000000, 0x000000008af80000, 0x00000000d5580000)
  object space 179712K, 43% used [0x0000000080000000,0x0000000084d2e898,0x000000008af80000)
 Metaspace       used 120682K, capacity 129606K, committed 129752K, reserved 1161216K
  class space    used 15944K, capacity 17635K, committed 17664K, reserved 1048576K
}
Event: 13635.828 GC heap before
{Heap before GC invocations=40 (full 4):
 PSYoungGen      total 247296K, used 247285K [0x00000000d5580000, 0x00000000eb480000, 0x0000000100000000)
  eden space 194560K, 100% used [0x00000000d5580000,0x00000000e1380000,0x00000000e1380000)
  from space 52736K, 99% used [0x00000000e1380000,0x00000000e46fd510,0x00000000e4700000)
  to   space 64000K, 0% used [0x00000000e7600000,0x00000000e7600000,0x00000000eb480000)
 ParOldGen       total 179712K, used 79034K [0x0000000080000000, 0x000000008af80000, 0x00000000d5580000)
  object space 179712K, 43% used [0x0000000080000000,0x0000000084d2e898,0x000000008af80000)
 Metaspace       used 129515K, capacity 138624K, committed 138840K, reserved 1169408K
  class space    used 16960K, capacity 18699K, committed 18816K, reserved 1048576K
Event: 13636.002 GC heap after
Heap after GC invocations=40 (full 4):
 PSYoungGen      total 274944K, used 63998K [0x00000000d5580000, 0x00000000edb00000, 0x0000000100000000)
  eden space 210944K, 0% used [0x00000000d5580000,0x00000000d5580000,0x00000000e2380000)
  from space 64000K, 99% used [0x00000000e7600000,0x00000000eb47fb80,0x00000000eb480000)
  to   space 84480K, 0% used [0x00000000e2380000,0x00000000e2380000,0x00000000e7600000)
 ParOldGen       total 179712K, used 108046K [0x0000000080000000, 0x000000008af80000, 0x00000000d5580000)
  object space 179712K, 60% used [0x0000000080000000,0x00000000869838b8,0x000000008af80000)
 Metaspace       used 129515K, capacity 138624K, committed 138840K, reserved 1169408K
  class space    used 16960K, capacity 18699K, committed 18816K, reserved 1048576K
}
Event: 13639.468 GC heap before
{Heap before GC invocations=41 (full 4):
 PSYoungGen      total 274944K, used 274942K [0x00000000d5580000, 0x00000000edb00000, 0x0000000100000000)
  eden space 210944K, 100% used [0x00000000d5580000,0x00000000e2380000,0x00000000e2380000)
  from space 64000K, 99% used [0x00000000e7600000,0x00000000eb47fb80,0x00000000eb480000)
  to   space 84480K, 0% used [0x00000000e2380000,0x00000000e2380000,0x00000000e7600000)
 ParOldGen       total 179712K, used 108046K [0x0000000080000000, 0x000000008af80000, 0x00000000d5580000)
  object space 179712K, 60% used [0x0000000080000000,0x00000000869838b8,0x000000008af80000)
 Metaspace       used 135376K, capacity 144512K, committed 144856K, reserved 1175552K
  class space    used 17648K, capacity 19367K, committed 19456K, reserved 1048576K
Event: 13639.854 GC heap after
Heap after GC invocations=41 (full 4):
 PSYoungGen      total 295424K, used 84459K [0x00000000d5580000, 0x00000000f4a80000, 0x0000000100000000)
  eden space 210944K, 0% used [0x00000000d5580000,0x00000000d5580000,0x00000000e2380000)
  from space 84480K, 99% used [0x00000000e2380000,0x00000000e75fae28,0x00000000e7600000)
  to   space 131072K, 0% used [0x00000000eca80000,0x00000000eca80000,0x00000000f4a80000)
 ParOldGen       total 197120K, used 196749K [0x0000000080000000, 0x000000008c080000, 0x00000000d5580000)
  object space 197120K, 99% used [0x0000000080000000,0x000000008c023518,0x000000008c080000)
 Metaspace       used 135376K, capacity 144512K, committed 144856K, reserved 1175552K
  class space    used 17648K, capacity 19367K, committed 19456K, reserved 1048576K
}
Event: 13639.855 GC heap before
{Heap before GC invocations=42 (full 5):
 PSYoungGen      total 295424K, used 84459K [0x00000000d5580000, 0x00000000f4a80000, 0x0000000100000000)
  eden space 210944K, 0% used [0x00000000d5580000,0x00000000d5580000,0x00000000e2380000)
  from space 84480K, 99% used [0x00000000e2380000,0x00000000e75fae28,0x00000000e7600000)
  to   space 131072K, 0% used [0x00000000eca80000,0x00000000eca80000,0x00000000f4a80000)
 ParOldGen       total 197120K, used 196749K [0x0000000080000000, 0x000000008c080000, 0x00000000d5580000)
  object space 197120K, 99% used [0x0000000080000000,0x000000008c023518,0x000000008c080000)
 Metaspace       used 135376K, capacity 144512K, committed 144856K, reserved 1175552K
  class space    used 17648K, capacity 19367K, committed 19456K, reserved 1048576K
Event: 13643.501 GC heap after
Heap after GC invocations=42 (full 5):
 PSYoungGen      total 295424K, used 0K [0x00000000d5580000, 0x00000000f4a80000, 0x0000000100000000)
  eden space 210944K, 0% used [0x00000000d5580000,0x00000000d5580000,0x00000000e2380000)
  from space 84480K, 0% used [0x00000000e2380000,0x00000000e2380000,0x00000000e7600000)
  to   space 131072K, 0% used [0x00000000eca80000,0x00000000eca80000,0x00000000f4a80000)
 ParOldGen       total 357376K, used 185949K [0x0000000080000000, 0x0000000095d00000, 0x00000000d5580000)
  object space 357376K, 52% used [0x0000000080000000,0x000000008b597638,0x0000000095d00000)
 Metaspace       used 133173K, capacity 140684K, committed 144856K, reserved 1175552K
  class space    used 17160K, capacity 18527K, committed 19456K, reserved 1048576K
}
Event: 13648.824 GC heap before
{Heap before GC invocations=43 (full 5):
 PSYoungGen      total 295424K, used 210944K [0x00000000d5580000, 0x00000000f4a80000, 0x0000000100000000)
  eden space 210944K, 100% used [0x00000000d5580000,0x00000000e2380000,0x00000000e2380000)
  from space 84480K, 0% used [0x00000000e2380000,0x00000000e2380000,0x00000000e7600000)
  to   space 131072K, 0% used [0x00000000eca80000,0x00000000eca80000,0x00000000f4a80000)
 ParOldGen       total 357376K, used 185949K [0x0000000080000000, 0x0000000095d00000, 0x00000000d5580000)
  object space 357376K, 52% used [0x0000000080000000,0x000000008b597638,0x0000000095d00000)
 Metaspace       used 137743K, capacity 145802K, committed 148568K, reserved 1177600K
  class space    used 17782K, capacity 19220K, committed 19840K, reserved 1048576K
Event: 13649.018 GC heap after
Heap after GC invocations=43 (full 5):
 PSYoungGen      total 376832K, used 60797K [0x00000000d5580000, 0x00000000f4480000, 0x0000000100000000)
  eden space 251904K, 0% used [0x00000000d5580000,0x00000000d5580000,0x00000000e4b80000)
  from space 124928K, 48% used [0x00000000eca80000,0x00000000f05df570,0x00000000f4480000)
  to   space 127488K, 0% used [0x00000000e4b80000,0x00000000e4b80000,0x00000000ec800000)
 ParOldGen       total 357376K, used 185957K [0x0000000080000000, 0x0000000095d00000, 0x00000000d5580000)
  object space 357376K, 52% used [0x0000000080000000,0x000000008b599638,0x0000000095d00000)
 Metaspace       used 137743K, capacity 145802K, committed 148568K, reserved 1177600K
  class space    used 17782K, capacity 19220K, committed 19840K, reserved 1048576K
}

